<?xml version="1.0" encoding="UTF-8"?>
<!-- Generated by org.testng.reporters.JUnitReportReporter -->
<testsuite skipped="0" hostname="4BKV1G2" name="testcases.OpenAccountTest" tests="1" failures="0" timestamp="08 Jan 2019 09:37:03 GMT" time="2.994" errors="0">
  <testcase name="openAccountTest" time="2.994" classname="testcases.OpenAccountTest"/>
</testsuite> <!-- testcases.OpenAccountTest -->
